<?xml version="1.0" encoding="UTF-8"?>
<!-- Generated by org.testng.reporters.JUnitXMLReporter -->
<testsuite ignored="0" hostname="Kartiks-MacBook-Air.local" failures="0" tests="11" name="Surefire test" time="271.833" errors="0" timestamp="2023-06-29T05:46:47 EDT">
  <testcase classname="crm.testcases.ContactsPageTest" name="verifyContactsPageLable" time="0.517"/>
  <testcase classname="crm.testcases.ContactsPageTest" name="selectSinglecontactTest" time="1.202"/>
  <testcase classname="crm.testcases.ContactsPageTest" name="selectMultiplecontactTest" time="2.183"/>
  <testcase classname="crm.testcases.ContactsPageTest" name="validateCreateNewContact" time="9.061"/>
  <testcase classname="crm.testcases.ContactsPageTest" name="validateCreateNewContact" time="9.064"/>
  <testcase classname="crm.testcases.ContactsPageTest" name="validateCreateNewContact" time="9.685"/>
  <testcase classname="crm.testcases.HomePageTest" name="verifyHomePageTitleTest" time="0.003"/>
  <testcase classname="crm.testcases.HomePageTest" name="verifyUserNameOnHomepageTest" time="11.119"/>
  <testcase classname="crm.testcases.HomePageTest" name="verifyContactsLinkTest" time="12.884"/>
  <testcase classname="crm.testcases.LoginPageTest" name="loginPageTitelTest" time="0.115"/>
  <testcase classname="crm.testcases.LoginPageTest" name="loginTest" time="3.267"/>
</testsuite> <!-- Surefire test -->
