<?xml version="1.0" encoding="UTF-8"?>
<!-- Generated by org.testng.reporters.JUnitXMLReporter -->
<testsuite ignored="3" hostname="Kartiks-MacBook-Air.local" failures="0" tests="1" name="Default test" time="28.786" errors="0" timestamp="2023-06-29T04:53:56 EDT">
  <testcase classname="crm.testcases.ContactsPageTest" name="selectSinglecontactTest" time="1.354"/>
  <testcase classname="crm.testcases.ContactsPageTest" name="validateCreateNewContact" time="0.0">
    <ignored/>
  </testcase> <!-- validateCreateNewContact -->
  <testcase classname="crm.testcases.ContactsPageTest" name="selectMultiplecontactTest" time="0.0">
    <ignored/>
  </testcase> <!-- selectMultiplecontactTest -->
  <testcase classname="crm.testcases.ContactsPageTest" name="verifyContactsPageLable" time="0.0">
    <ignored/>
  </testcase> <!-- verifyContactsPageLable -->
</testsuite> <!-- Default test -->
