<?xml version="1.0" encoding="UTF-8"?>
<testng-results ignored="0" total="11" passed="11" failed="0" skipped="0">
  <reporter-output>
  </reporter-output>
  <suite started-at="2023-06-29T05:42:15 EDT" name="Surefire suite" finished-at="2023-06-29T05:46:47 EDT" duration-ms="271833">
    <groups>
    </groups>
    <test started-at="2023-06-29T05:42:15 EDT" name="Surefire test" finished-at="2023-06-29T05:46:47 EDT" duration-ms="271833">
      <class name="crm.testcases.LoginPageTest">
        <test-method is-config="true" signature="setup()[pri:0, instance:crm.testcases.LoginPageTest@75f9eccc]" started-at="2023-06-29T05:46:25 EDT" name="setup" finished-at="2023-06-29T05:46:34 EDT" duration-ms="9159" status="PASS">
          <reporter-output>
          </reporter-output>
        </test-method> <!-- setup -->
        <test-method signature="loginPageTitelTest()[pri:1, instance:crm.testcases.LoginPageTest@75f9eccc]" started-at="2023-06-29T05:46:34 EDT" name="loginPageTitelTest" finished-at="2023-06-29T05:46:34 EDT" duration-ms="115" status="PASS">
          <reporter-output>
          </reporter-output>
        </test-method> <!-- loginPageTitelTest -->
        <test-method is-config="true" signature="tearDown()[pri:0, instance:crm.testcases.LoginPageTest@75f9eccc]" started-at="2023-06-29T05:46:34 EDT" name="tearDown" finished-at="2023-06-29T05:46:34 EDT" duration-ms="109" status="PASS">
          <reporter-output>
          </reporter-output>
        </test-method> <!-- tearDown -->
        <test-method is-config="true" signature="setup()[pri:0, instance:crm.testcases.LoginPageTest@75f9eccc]" started-at="2023-06-29T05:46:34 EDT" name="setup" finished-at="2023-06-29T05:46:43 EDT" duration-ms="9237" status="PASS">
          <reporter-output>
          </reporter-output>
        </test-method> <!-- setup -->
        <test-method signature="loginTest()[pri:2, instance:crm.testcases.LoginPageTest@75f9eccc]" started-at="2023-06-29T05:46:43 EDT" name="loginTest" finished-at="2023-06-29T05:46:47 EDT" duration-ms="3267" status="PASS">
          <reporter-output>
          </reporter-output>
        </test-method> <!-- loginTest -->
        <test-method is-config="true" signature="tearDown()[pri:0, instance:crm.testcases.LoginPageTest@75f9eccc]" started-at="2023-06-29T05:46:47 EDT" name="tearDown" finished-at="2023-06-29T05:46:47 EDT" duration-ms="117" status="PASS">
          <reporter-output>
          </reporter-output>
        </test-method> <!-- tearDown -->
      </class> <!-- crm.testcases.LoginPageTest -->
      <class name="crm.testcases.HomePageTest">
        <test-method is-config="true" signature="setUp()[pri:0, instance:crm.testcases.HomePageTest@525f1e4e]" started-at="2023-06-29T05:45:24 EDT" name="setUp" finished-at="2023-06-29T05:45:36 EDT" duration-ms="12576" status="PASS">
          <reporter-output>
          </reporter-output>
        </test-method> <!-- setUp -->
        <test-method signature="verifyHomePageTitleTest()[pri:1, instance:crm.testcases.HomePageTest@525f1e4e]" started-at="2023-06-29T05:45:36 EDT" name="verifyHomePageTitleTest" finished-at="2023-06-29T05:45:36 EDT" duration-ms="3" status="PASS">
          <reporter-output>
          </reporter-output>
        </test-method> <!-- verifyHomePageTitleTest -->
        <test-method is-config="true" signature="teraDown()[pri:0, instance:crm.testcases.HomePageTest@525f1e4e]" started-at="2023-06-29T05:45:36 EDT" name="teraDown" finished-at="2023-06-29T05:45:36 EDT" duration-ms="110" status="PASS">
          <reporter-output>
          </reporter-output>
        </test-method> <!-- teraDown -->
        <test-method is-config="true" signature="setUp()[pri:0, instance:crm.testcases.HomePageTest@525f1e4e]" started-at="2023-06-29T05:45:36 EDT" name="setUp" finished-at="2023-06-29T05:45:48 EDT" duration-ms="12132" status="PASS">
          <reporter-output>
          </reporter-output>
        </test-method> <!-- setUp -->
        <test-method signature="verifyUserNameOnHomepageTest()[pri:2, instance:crm.testcases.HomePageTest@525f1e4e]" started-at="2023-06-29T05:45:48 EDT" name="verifyUserNameOnHomepageTest" finished-at="2023-06-29T05:45:59 EDT" duration-ms="11119" status="PASS">
          <reporter-output>
          </reporter-output>
        </test-method> <!-- verifyUserNameOnHomepageTest -->
        <test-method is-config="true" signature="teraDown()[pri:0, instance:crm.testcases.HomePageTest@525f1e4e]" started-at="2023-06-29T05:45:59 EDT" name="teraDown" finished-at="2023-06-29T05:46:00 EDT" duration-ms="107" status="PASS">
          <reporter-output>
          </reporter-output>
        </test-method> <!-- teraDown -->
        <test-method is-config="true" signature="setUp()[pri:0, instance:crm.testcases.HomePageTest@525f1e4e]" started-at="2023-06-29T05:46:00 EDT" name="setUp" finished-at="2023-06-29T05:46:12 EDT" duration-ms="12284" status="PASS">
          <reporter-output>
          </reporter-output>
        </test-method> <!-- setUp -->
        <test-method signature="verifyContactsLinkTest()[pri:3, instance:crm.testcases.HomePageTest@525f1e4e]" started-at="2023-06-29T05:46:12 EDT" name="verifyContactsLinkTest" finished-at="2023-06-29T05:46:25 EDT" duration-ms="12884" status="PASS">
          <reporter-output>
          </reporter-output>
        </test-method> <!-- verifyContactsLinkTest -->
        <test-method is-config="true" signature="teraDown()[pri:0, instance:crm.testcases.HomePageTest@525f1e4e]" started-at="2023-06-29T05:46:25 EDT" name="teraDown" finished-at="2023-06-29T05:46:25 EDT" duration-ms="108" status="PASS">
          <reporter-output>
          </reporter-output>
        </test-method> <!-- teraDown -->
      </class> <!-- crm.testcases.HomePageTest -->
      <class name="crm.testcases.ContactsPageTest">
        <test-method is-config="true" signature="setUp()[pri:0, instance:crm.testcases.ContactsPageTest@58134517]" started-at="2023-06-29T05:42:15 EDT" name="setUp" finished-at="2023-06-29T05:42:43 EDT" duration-ms="28115" status="PASS">
          <reporter-output>
          </reporter-output>
        </test-method> <!-- setUp -->
        <test-method signature="verifyContactsPageLable()[pri:1, instance:crm.testcases.ContactsPageTest@58134517]" started-at="2023-06-29T05:42:43 EDT" name="verifyContactsPageLable" finished-at="2023-06-29T05:42:44 EDT" duration-ms="517" status="PASS">
          <reporter-output>
          </reporter-output>
        </test-method> <!-- verifyContactsPageLable -->
        <test-method is-config="true" signature="teraDown()[pri:0, instance:crm.testcases.ContactsPageTest@58134517]" started-at="2023-06-29T05:42:44 EDT" name="teraDown" finished-at="2023-06-29T05:42:44 EDT" duration-ms="108" status="PASS">
          <reporter-output>
          </reporter-output>
        </test-method> <!-- teraDown -->
        <test-method is-config="true" signature="setUp()[pri:0, instance:crm.testcases.ContactsPageTest@58134517]" started-at="2023-06-29T05:42:44 EDT" name="setUp" finished-at="2023-06-29T05:43:09 EDT" duration-ms="25529" status="PASS">
          <reporter-output>
          </reporter-output>
        </test-method> <!-- setUp -->
        <test-method signature="selectSinglecontactTest()[pri:2, instance:crm.testcases.ContactsPageTest@58134517]" started-at="2023-06-29T05:43:09 EDT" name="selectSinglecontactTest" finished-at="2023-06-29T05:43:11 EDT" duration-ms="1202" status="PASS">
          <reporter-output>
          </reporter-output>
        </test-method> <!-- selectSinglecontactTest -->
        <test-method is-config="true" signature="teraDown()[pri:0, instance:crm.testcases.ContactsPageTest@58134517]" started-at="2023-06-29T05:43:11 EDT" name="teraDown" finished-at="2023-06-29T05:43:11 EDT" duration-ms="111" status="PASS">
          <reporter-output>
          </reporter-output>
        </test-method> <!-- teraDown -->
        <test-method is-config="true" signature="setUp()[pri:0, instance:crm.testcases.ContactsPageTest@58134517]" started-at="2023-06-29T05:43:11 EDT" name="setUp" finished-at="2023-06-29T05:43:36 EDT" duration-ms="25797" status="PASS">
          <reporter-output>
          </reporter-output>
        </test-method> <!-- setUp -->
        <test-method signature="selectMultiplecontactTest()[pri:3, instance:crm.testcases.ContactsPageTest@58134517]" started-at="2023-06-29T05:43:36 EDT" name="selectMultiplecontactTest" finished-at="2023-06-29T05:43:39 EDT" duration-ms="2183" status="PASS">
          <reporter-output>
          </reporter-output>
        </test-method> <!-- selectMultiplecontactTest -->
        <test-method is-config="true" signature="teraDown()[pri:0, instance:crm.testcases.ContactsPageTest@58134517]" started-at="2023-06-29T05:43:39 EDT" name="teraDown" finished-at="2023-06-29T05:43:39 EDT" duration-ms="108" status="PASS">
          <reporter-output>
          </reporter-output>
        </test-method> <!-- teraDown -->
        <test-method is-config="true" signature="setUp()[pri:0, instance:crm.testcases.ContactsPageTest@58134517]" started-at="2023-06-29T05:43:39 EDT" name="setUp" finished-at="2023-06-29T05:44:04 EDT" duration-ms="25459" status="PASS">
          <reporter-output>
          </reporter-output>
        </test-method> <!-- setUp -->
        <test-method signature="validateCreateNewContact(java.lang.String,java.lang.String,java.lang.String,java.lang.String)[pri:4, instance:crm.testcases.ContactsPageTest@58134517]" started-at="2023-06-29T05:44:04 EDT" name="validateCreateNewContact" data-provider="getCRMTestData" finished-at="2023-06-29T05:44:13 EDT" duration-ms="9061" status="PASS">
          <params>
            <param index="0">
              <value>
                <![CDATA[New]]>
              </value>
            </param>
            <param index="1">
              <value>
                <![CDATA[Tom]]>
              </value>
            </param>
            <param index="2">
              <value>
                <![CDATA[Mark]]>
              </value>
            </param>
            <param index="3">
              <value>
                <![CDATA[Apple]]>
              </value>
            </param>
          </params>
          <reporter-output>
          </reporter-output>
        </test-method> <!-- validateCreateNewContact -->
        <test-method is-config="true" signature="teraDown()[pri:0, instance:crm.testcases.ContactsPageTest@58134517]" started-at="2023-06-29T05:44:13 EDT" name="teraDown" finished-at="2023-06-29T05:44:14 EDT" duration-ms="133" status="PASS">
          <reporter-output>
          </reporter-output>
        </test-method> <!-- teraDown -->
        <test-method is-config="true" signature="setUp()[pri:0, instance:crm.testcases.ContactsPageTest@58134517]" started-at="2023-06-29T05:44:14 EDT" name="setUp" finished-at="2023-06-29T05:44:39 EDT" duration-ms="25600" status="PASS">
          <reporter-output>
          </reporter-output>
        </test-method> <!-- setUp -->
        <test-method signature="validateCreateNewContact(java.lang.String,java.lang.String,java.lang.String,java.lang.String)[pri:4, instance:crm.testcases.ContactsPageTest@58134517]" started-at="2023-06-29T05:44:39 EDT" name="validateCreateNewContact" data-provider="getCRMTestData" finished-at="2023-06-29T05:44:48 EDT" duration-ms="9064" status="PASS">
          <params>
            <param index="0">
              <value>
                <![CDATA[Active]]>
              </value>
            </param>
            <param index="1">
              <value>
                <![CDATA[vraj]]>
              </value>
            </param>
            <param index="2">
              <value>
                <![CDATA[Met]]>
              </value>
            </param>
            <param index="3">
              <value>
                <![CDATA[Meta]]>
              </value>
            </param>
          </params>
          <reporter-output>
          </reporter-output>
        </test-method> <!-- validateCreateNewContact -->
        <test-method is-config="true" signature="teraDown()[pri:0, instance:crm.testcases.ContactsPageTest@58134517]" started-at="2023-06-29T05:44:48 EDT" name="teraDown" finished-at="2023-06-29T05:44:48 EDT" duration-ms="108" status="PASS">
          <reporter-output>
          </reporter-output>
        </test-method> <!-- teraDown -->
        <test-method is-config="true" signature="setUp()[pri:0, instance:crm.testcases.ContactsPageTest@58134517]" started-at="2023-06-29T05:44:48 EDT" name="setUp" finished-at="2023-06-29T05:45:14 EDT" duration-ms="25363" status="PASS">
          <reporter-output>
          </reporter-output>
        </test-method> <!-- setUp -->
        <test-method signature="validateCreateNewContact(java.lang.String,java.lang.String,java.lang.String,java.lang.String)[pri:4, instance:crm.testcases.ContactsPageTest@58134517]" started-at="2023-06-29T05:45:14 EDT" name="validateCreateNewContact" data-provider="getCRMTestData" finished-at="2023-06-29T05:45:23 EDT" duration-ms="9685" status="PASS">
          <params>
            <param index="0">
              <value>
                <![CDATA[Inactive]]>
              </value>
            </param>
            <param index="1">
              <value>
                <![CDATA[Vandit]]>
              </value>
            </param>
            <param index="2">
              <value>
                <![CDATA[Patel]]>
              </value>
            </param>
            <param index="3">
              <value>
                <![CDATA[microsoft]]>
              </value>
            </param>
          </params>
          <reporter-output>
          </reporter-output>
        </test-method> <!-- validateCreateNewContact -->
        <test-method is-config="true" signature="teraDown()[pri:0, instance:crm.testcases.ContactsPageTest@58134517]" started-at="2023-06-29T05:45:23 EDT" name="teraDown" finished-at="2023-06-29T05:45:24 EDT" duration-ms="134" status="PASS">
          <reporter-output>
          </reporter-output>
        </test-method> <!-- teraDown -->
      </class> <!-- crm.testcases.ContactsPageTest -->
    </test> <!-- Surefire test -->
  </suite> <!-- Surefire suite -->
</testng-results>
