<?xml version="1.0" encoding="UTF-8"?>
<testng-results ignored="3" total="4" passed="1" failed="0" skipped="0">
  <reporter-output>
  </reporter-output>
  <suite started-at="2023-06-29T04:53:27 EDT" name="Default suite" finished-at="2023-06-29T04:53:56 EDT" duration-ms="28786">
    <groups>
    </groups>
    <test started-at="2023-06-29T04:53:27 EDT" name="Default test" finished-at="2023-06-29T04:53:56 EDT" duration-ms="28786">
      <class name="crm.testcases.ContactsPageTest">
        <test-method is-config="true" signature="setUp()[pri:0, instance:crm.testcases.ContactsPageTest@1ed6388a]" started-at="2023-06-29T04:53:27 EDT" name="setUp" finished-at="2023-06-29T04:53:54 EDT" duration-ms="27205" status="PASS">
          <reporter-output>
          </reporter-output>
        </test-method> <!-- setUp -->
        <test-method signature="selectSinglecontactTest()[pri:2, instance:crm.testcases.ContactsPageTest@1ed6388a]" started-at="2023-06-29T04:53:54 EDT" name="selectSinglecontactTest" finished-at="2023-06-29T04:53:56 EDT" duration-ms="1354" status="PASS">
          <reporter-output>
          </reporter-output>
        </test-method> <!-- selectSinglecontactTest -->
        <test-method is-config="true" signature="teraDown()[pri:0, instance:crm.testcases.ContactsPageTest@1ed6388a]" started-at="2023-06-29T04:53:56 EDT" name="teraDown" finished-at="2023-06-29T04:53:56 EDT" duration-ms="147" status="PASS">
          <reporter-output>
          </reporter-output>
        </test-method> <!-- teraDown -->
      </class> <!-- crm.testcases.ContactsPageTest -->
    </test> <!-- Default test -->
  </suite> <!-- Default suite -->
</testng-results>
